{
  "RSpec": {
    "coverage": {
      "/Users/miverso2/rubymine/legion/extensions/lex-identity-ldap/lib/legion/extensions/identity/ldap.rb": {
        "lines": [
          null,
          null,
          1,
          1,
          1,
          1,
          null,
          1,
          1,
          1,
          1,
          1,
          null,
          1,
          1,
          null,
          null,
          null,
          null
        ]
      },
      "/Users/miverso2/rubymine/legion/extensions/lex-identity-ldap/lib/legion/extensions/identity/ldap/helpers/group_sync.rb": {
        "lines": [
          null,
          null,
          1,
          null,
          1,
          1,
          1,
          1,
          1,
          1,
          1,
          null,
          null,
          null,
          null,
          null,
          null,
          null,
          null,
          1,
          null,
          1,
          11,
          11,
          null,
          8,
          8,
          null,
          6,
          null,
          null,
          null,
          null,
          null,
          null,
          null,
          1,
          null,
          null,
          1,
          null,
          1,
          0,
          null,
          0,
          0,
          0,
          null,
          null,
          1,
          null,
          8,
          null,
          null,
          null,
          8,
          8,
          8,
          null,
          null,
          1,
          6,
          6,
          6,
          6,
          3,
          3,
          null,
          6,
          null,
          null,
          1,
          21,
          null,
          null,
          null,
          null,
          null,
          null,
          null
        ]
      },
      "/Users/miverso2/rubymine/legion/extensions/lex-identity-ldap/lib/legion/extensions/identity/ldap/identity.rb": {
        "lines": [
          null,
          null,
          1,
          null,
          1,
          1,
          1,
          1,
          1,
          1,
          null,
          1,
          1,
          1,
          1,
          1,
          1,
          null,
          1,
          5,
          5,
          null,
          4,
          4,
          3,
          null,
          2,
          null,
          null,
          1,
          8,
          null,
          null,
          1,
          0,
          null,
          null,
          null,
          null,
          null,
          null
        ]
      },
      "/Users/miverso2/rubymine/legion/extensions/lex-identity-ldap/lib/legion/extensions/identity/ldap/actors/group_refresh.rb": {
        "lines": [
          null,
          null,
          1,
          null,
          1,
          1,
          1,
          1,
          1,
          1,
          1,
          1,
          1,
          1,
          null,
          1,
          0,
          null,
          0,
          null,
          null,
          1,
          1,
          1,
          1,
          1,
          null,
          1,
          1,
          null,
          0,
          null,
          null,
          1,
          3,
          null,
          1,
          null,
          null,
          1,
          null,
          1,
          2,
          2,
          null,
          2,
          null,
          null,
          1,
          0,
          null,
          0,
          0,
          null,
          0,
          null,
          null,
          1,
          0,
          0,
          0,
          null,
          null,
          1,
          0,
          0,
          0,
          null,
          null,
          0,
          0,
          null,
          null,
          1,
          0,
          null,
          0,
          0,
          0,
          0,
          0,
          null,
          null,
          1,
          4,
          4,
          3,
          1,
          2,
          1,
          null,
          1,
          null,
          null,
          4,
          2,
          null,
          4,
          null,
          null,
          1,
          2,
          2,
          null,
          null,
          1,
          null,
          null,
          null,
          null,
          null,
          null,
          null
        ]
      }
    },
    "timestamp": 1775505000
  }
}
